# JRE version: 7.0_17-b02
# Java VM: Java HotSpot(TM) 64-Bit Server VM (23.7-b01 mixed mode windows-amd64 compressed oops)
Heap
 PSYoungGen      total 432320K, used 347575K [0x00000007d5eb0000, 0x0000000800000000, 0x0000000800000000)
  eden space 401856K, 78% used [0x00000007d5eb0000,0x00000007e94643a8,0x00000007ee720000)
  from space 30464K, 99% used [0x00000007ee720000,0x00000007f04d9a50,0x00000007f04e0000)
  to   space 35584K, 0% used [0x00000007fdd40000,0x00000007fdd40000,0x0000000800000000)
 ParOldGen       total 86144K, used 32281K [0x0000000781c00000, 0x0000000787020000, 0x00000007d5eb0000)
  object space 86144K, 37% used [0x0000000781c00000,0x0000000783b86658,0x0000000787020000)
 PSPermGen       total 75328K, used 34950K [0x000000077ca00000, 0x0000000781390000, 0x0000000781c00000)
  object space 75328K, 46% used [0x000000077ca00000,0x000000077ec21998,0x0000000781390000)
GC Heap History (10 events):
Event: 36.155 GC heap before
{Heap before GC invocations=12 (full 1):
 PSYoungGen      total 431936K, used 63057K [0x00000007d5eb0000, 0x00000007f21b0000, 0x0000000800000000)
  eden space 402432K, 15% used [0x00000007d5eb0000,0x00000007d9c44410,0x00000007ee7b0000)
  from space 29504K, 0% used [0x00000007f04e0000,0x00000007f04e0000,0x00000007f21b0000)
  to   space 29696K, 0% used [0x00000007ee7b0000,0x00000007ee7b0000,0x00000007f04b0000)
 ParOldGen       total 86144K, used 30931K [0x0000000781c00000, 0x0000000787020000, 0x00000007d5eb0000)
  object space 86144K, 35% used [0x0000000781c00000,0x0000000783a34dc8,0x0000000787020000)
 PSPermGen       total 69184K, used 34598K [0x000000077ca00000, 0x0000000780d90000, 0x0000000781c00000)
  object space 69184K, 50% used [0x000000077ca00000,0x000000077ebc9bc8,0x0000000780d90000)
Event: 36.161 GC heap after
Heap after GC invocations=12 (full 1):
 PSYoungGen      total 432128K, used 3976K [0x00000007d5eb0000, 0x00000007f2210000, 0x0000000800000000)
  eden space 402432K, 0% used [0x00000007d5eb0000,0x00000007d5eb0000,0x00000007ee7b0000)
  from space 29696K, 13% used [0x00000007ee7b0000,0x00000007eeb92370,0x00000007f04b0000)
  to   space 29888K, 0% used [0x00000007f04e0000,0x00000007f04e0000,0x00000007f2210000)
 ParOldGen       total 86144K, used 30931K [0x0000000781c00000, 0x0000000787020000, 0x00000007d5eb0000)
  object space 86144K, 35% used [0x0000000781c00000,0x0000000783a34dc8,0x0000000787020000)
 PSPermGen       total 69184K, used 34598K [0x000000077ca00000, 0x0000000780d90000, 0x0000000781c00000)
  object space 69184K, 50% used [0x000000077ca00000,0x000000077ebc9bc8,0x0000000780d90000)
}
Event: 36.161 GC heap before
{Heap before GC invocations=13 (full 2):
 PSYoungGen      total 432128K, used 3976K [0x00000007d5eb0000, 0x00000007f2210000, 0x0000000800000000)
  eden space 402432K, 0% used [0x00000007d5eb0000,0x00000007d5eb0000,0x00000007ee7b0000)
  from space 29696K, 13% used [0x00000007ee7b0000,0x00000007eeb92370,0x00000007f04b0000)
  to   space 29888K, 0% used [0x00000007f04e0000,0x00000007f04e0000,0x00000007f2210000)
 ParOldGen       total 86144K, used 30931K [0x0000000781c00000, 0x0000000787020000, 0x00000007d5eb0000)
  object space 86144K, 35% used [0x0000000781c00000,0x0000000783a34dc8,0x0000000787020000)
 PSPermGen       total 69184K, used 34598K [0x000000077ca00000, 0x0000000780d90000, 0x0000000781c00000)
  object space 69184K, 50% used [0x000000077ca00000,0x000000077ebc9bc8,0x0000000780d90000)
Event: 36.320 GC heap after
Heap after GC invocations=13 (full 2):
 PSYoungGen      total 432128K, used 0K [0x00000007d5eb0000, 0x00000007f2210000, 0x0000000800000000)
  eden space 402432K, 0% used [0x00000007d5eb0000,0x00000007d5eb0000,0x00000007ee7b0000)
  from space 29696K, 0% used [0x00000007ee7b0000,0x00000007ee7b0000,0x00000007f04b0000)
  to   space 29888K, 0% used [0x00000007f04e0000,0x00000007f04e0000,0x00000007f2210000)
 ParOldGen       total 86144K, used 33638K [0x0000000781c00000, 0x0000000787020000, 0x00000007d5eb0000)
  object space 86144K, 39% used [0x0000000781c00000,0x0000000783cd9820,0x0000000787020000)
 PSPermGen       total 77888K, used 34598K [0x000000077ca00000, 0x0000000781610000, 0x0000000781c00000)
  object space 77888K, 44% used [0x000000077ca00000,0x000000077ebc9b08,0x0000000781610000)
}
Event: 36.392 GC heap before
{Heap before GC invocations=14 (full 2):
 PSYoungGen      total 432128K, used 7879K [0x00000007d5eb0000, 0x00000007f2210000, 0x0000000800000000)
  eden space 402432K, 1% used [0x00000007d5eb0000,0x00000007d6661f38,0x00000007ee7b0000)
  from space 29696K, 0% used [0x00000007ee7b0000,0x00000007ee7b0000,0x00000007f04b0000)
  to   space 29888K, 0% used [0x00000007f04e0000,0x00000007f04e0000,0x00000007f2210000)
 ParOldGen       total 86144K, used 33638K [0x0000000781c00000, 0x0000000787020000, 0x00000007d5eb0000)
  object space 86144K, 39% used [0x0000000781c00000,0x0000000783cd9820,0x0000000787020000)
 PSPermGen       total 77888K, used 34599K [0x000000077ca00000, 0x0000000781610000, 0x0000000781c00000)
  object space 77888K, 44% used [0x000000077ca00000,0x000000077ebc9cf8,0x0000000781610000)
Event: 36.398 GC heap after
Heap after GC invocations=14 (full 2):
 PSYoungGen      total 431744K, used 32K [0x00000007d5eb0000, 0x00000007f2330000, 0x0000000800000000)
  eden space 401856K, 0% used [0x00000007d5eb0000,0x00000007d5eb0000,0x00000007ee720000)
  from space 29888K, 0% used [0x00000007f04e0000,0x00000007f04e8000,0x00000007f2210000)
  to   space 30464K, 0% used [0x00000007ee720000,0x00000007ee720000,0x00000007f04e0000)
 ParOldGen       total 86144K, used 33638K [0x0000000781c00000, 0x0000000787020000, 0x00000007d5eb0000)
  object space 86144K, 39% used [0x0000000781c00000,0x0000000783cd9820,0x0000000787020000)
 PSPermGen       total 77888K, used 34599K [0x000000077ca00000, 0x0000000781610000, 0x0000000781c00000)
  object space 77888K, 44% used [0x000000077ca00000,0x000000077ebc9cf8,0x0000000781610000)
}
Event: 36.398 GC heap before
{Heap before GC invocations=15 (full 3):
 PSYoungGen      total 431744K, used 32K [0x00000007d5eb0000, 0x00000007f2330000, 0x0000000800000000)
  eden space 401856K, 0% used [0x00000007d5eb0000,0x00000007d5eb0000,0x00000007ee720000)
  from space 29888K, 0% used [0x00000007f04e0000,0x00000007f04e8000,0x00000007f2210000)
  to   space 30464K, 0% used [0x00000007ee720000,0x00000007ee720000,0x00000007f04e0000)
 ParOldGen       total 86144K, used 33638K [0x0000000781c00000, 0x0000000787020000, 0x00000007d5eb0000)
  object space 86144K, 39% used [0x0000000781c00000,0x0000000783cd9820,0x0000000787020000)
 PSPermGen       total 77888K, used 34599K [0x000000077ca00000, 0x0000000781610000, 0x0000000781c00000)
  object space 77888K, 44% used [0x000000077ca00000,0x000000077ebc9cf8,0x0000000781610000)
Event: 36.616 GC heap after
Heap after GC invocations=15 (full 3):
 PSYoungGen      total 431744K, used 0K [0x00000007d5eb0000, 0x00000007f2330000, 0x0000000800000000)
  eden space 401856K, 0% used [0x00000007d5eb0000,0x00000007d5eb0000,0x00000007ee720000)
  from space 29888K, 0% used [0x00000007f04e0000,0x00000007f04e0000,0x00000007f2210000)
  to   space 30464K, 0% used [0x00000007ee720000,0x00000007ee720000,0x00000007f04e0000)
 ParOldGen       total 86144K, used 31940K [0x0000000781c00000, 0x0000000787020000, 0x00000007d5eb0000)
  object space 86144K, 37% used [0x0000000781c00000,0x0000000783b310f8,0x0000000787020000)
 PSPermGen       total 75328K, used 34599K [0x000000077ca00000, 0x0000000781390000, 0x0000000781c00000)
  object space 75328K, 45% used [0x000000077ca00000,0x000000077ebc9cf8,0x0000000781390000)
}
Event: 56.932 GC heap before
{Heap before GC invocations=16 (full 3):
 PSYoungGen      total 431744K, used 401856K [0x00000007d5eb0000, 0x00000007f2330000, 0x0000000800000000)
  eden space 401856K, 100% used [0x00000007d5eb0000,0x00000007ee720000,0x00000007ee720000)
  from space 29888K, 0% used [0x00000007f04e0000,0x00000007f04e0000,0x00000007f2210000)
  to   space 30464K, 0% used [0x00000007ee720000,0x00000007ee720000,0x00000007f04e0000)
 ParOldGen       total 86144K, used 31940K [0x0000000781c00000, 0x0000000787020000, 0x00000007d5eb0000)
  object space 86144K, 37% used [0x0000000781c00000,0x0000000783b310f8,0x0000000787020000)
 PSPermGen       total 75328K, used 34810K [0x000000077ca00000, 0x0000000781390000, 0x0000000781c00000)
  object space 75328K, 46% used [0x000000077ca00000,0x000000077ebfe868,0x0000000781390000)
Event: 56.992 GC heap after
Heap after GC invocations=16 (full 3):
 PSYoungGen      total 432320K, used 30438K [0x00000007d5eb0000, 0x0000000800000000, 0x0000000800000000)
  eden space 401856K, 0% used [0x00000007d5eb0000,0x00000007d5eb0000,0x00000007ee720000)
  from space 30464K, 99% used [0x00000007ee720000,0x00000007f04d9a50,0x00000007f04e0000)
  to   space 35584K, 0% used [0x00000007fdd40000,0x00000007fdd40000,0x0000000800000000)
 ParOldGen       total 86144K, used 32281K [0x0000000781c00000, 0x0000000787020000, 0x00000007d5eb0000)
  object space 86144K, 37% used [0x0000000781c00000,0x0000000783b86658,0x0000000787020000)
 PSPermGen       total 75328K, used 34810K [0x000000077ca00000, 0x0000000781390000, 0x0000000781c00000)
  object space 75328K, 46% used [0x000000077ca00000,0x000000077ebfe868,0x0000000781390000)
}

